20:55:53.413 [ATL-Logging-Thread] INFO  - Organising filesystem

20:55:53.418 [ATL-Logging-Thread] INFO  - ATLauncher Version: 3.4.37.3 [f1a29ccd9fe4c3003b8baef742af29406483212c]

20:55:53.420 [ATL-Logging-Thread] INFO  - App Arguments: ["--working-dir","**USERSDIR**","--no-launcher-update"]

20:55:53.421 [ATL-Logging-Thread] INFO  - JVM Arguments: []

20:55:53.422 [ATL-Logging-Thread] INFO  - Java Version: Java 21 (21.0.3)

20:55:53.423 [ATL-Logging-Thread] INFO  - Java Path: /nix/store/59flqcj6x3dxiwjavxkwrycamg0482yb-openjdk-21.0.3+9/lib/openjdk

20:55:53.424 [ATL-Logging-Thread] INFO  - 64 Bit Java: true

20:55:53.425 [ATL-Logging-Thread] INFO  - RAM Available: 7624MB

20:55:53.458 [ATL-Logging-Thread] INFO  - Launcher Directory: **USERSDIR**

20:55:53.524 [ATL-Logging-Thread] INFO  - GPU: IvyBridge GT2 [HD Graphics 4000] (Intel Corporation (0x8086)) unknown 256MB VRAM

20:55:53.634 [ATL-Logging-Thread] INFO  - CPU: Intel(R) Core(TM) i7-3770 CPU @ 3.40GHz 4 cores/8 threads

20:55:53.636 [ATL-Logging-Thread] INFO  - Operating System: NixOS (24.11 (Vicuna) build 6.6.52)

20:55:53.640 [ATL-Logging-Thread] INFO  - Bitness: 64

20:55:53.646 [ATL-Logging-Thread] INFO  - Uptime: 9346

20:55:53.650 [ATL-Logging-Thread] INFO  - Manufacturer: GNU/Linux

20:55:53.651 [ATL-Logging-Thread] INFO  - Showing splash screen and loading everything

20:55:53.653 [ATL-Logging-Thread] INFO  - Checking for updated files!

20:55:55.550 [ATL-Logging-Thread] INFO  - Finished downloading updated files!

20:55:57.960 [ATL-Logging-Thread] INFO  - Launcher finished loading everything

20:55:57.963 [ATL-Logging-Thread] WARN  - Launcher not setup. Loading Setup Dialog

20:55:58.147 [ATL-Logging-Thread] ERROR - Error on GraphQL query

20:55:58.150 [ATL-Logging-Thread] ERROR - com.apollographql.apollo.exception.ApolloHttpException: HTTP 403 Forbidden

20:55:58.152 [ATL-Logging-Thread] ERROR - 	at com.apollographql.apollo.internal.interceptor.ApolloParseInterceptor.parse(ApolloParseInterceptor.java:108)

20:55:58.159 [ATL-Logging-Thread] ERROR - 	at com.apollographql.apollo.internal.interceptor.ApolloParseInterceptor$1.onResponse(ApolloParseInterceptor.java:53)

20:55:58.163 [ATL-Logging-Thread] ERROR - 	at com.apollographql.apollo.internal.interceptor.ApolloServerInterceptor$executeHttpCall$1.onResponse(ApolloServerInterceptor.kt:114)

20:55:58.165 [ATL-Logging-Thread] ERROR - 	at okhttp3.internal.connection.RealCall$AsyncCall.run(RealCall.kt:519)

20:55:58.172 [ATL-Logging-Thread] ERROR - 	at java.base/java.util.concurrent.ThreadPoolExecutor.runWorker(ThreadPoolExecutor.java:1144)

20:55:58.176 [ATL-Logging-Thread] ERROR - 	at java.base/java.util.concurrent.ThreadPoolExecutor$Worker.run(ThreadPoolExecutor.java:642)

20:55:58.179 [ATL-Logging-Thread] ERROR - 	at java.base/java.lang.Thread.run(Thread.java:1583)

20:55:58.182 [ATL-Logging-Thread] ERROR - com.apollographql.apollo.exception.ApolloHttpException: HTTP 403 Forbidden
	at com.apollographql.apollo.internal.interceptor.ApolloParseInterceptor.parse(ApolloParseInterceptor.java:108)
	at com.apollographql.apollo.internal.interceptor.ApolloParseInterceptor$1.onResponse(ApolloParseInterceptor.java:53)
	at com.apollographql.apollo.internal.interceptor.ApolloServerInterceptor$executeHttpCall$1.onResponse(ApolloServerInterceptor.kt:114)
	at okhttp3.internal.connection.RealCall$AsyncCall.run(RealCall.kt:519)
	at java.base/java.util.concurrent.ThreadPoolExecutor.runWorker(ThreadPoolExecutor.java:1144)
	at java.base/java.util.concurrent.ThreadPoolExecutor$Worker.run(ThreadPoolExecutor.java:642)
	at java.base/java.lang.Thread.run(Thread.java:1583)

20:56:03.364 [ATL-Logging-Thread] INFO  - Launcher opening

20:56:03.365 [ATL-Logging-Thread] INFO  - Made By Bob*

20:56:03.366 [ATL-Logging-Thread] INFO  - *(Not Actually)

20:56:03.369 [ATL-Logging-Thread] INFO  - Setting up Bottom Bar

20:56:03.405 [ATL-Logging-Thread] INFO  - Finished Setting up Bottom Bar

20:56:03.406 [ATL-Logging-Thread] INFO  - Setting up Tabs

20:56:03.780 [ATL-Logging-Thread] INFO  - Finished Setting up Tabs

20:56:03.795 [ATL-Logging-Thread] INFO  - Showing Launcher

20:56:14.919 [ATL-Logging-Thread] ERROR - Error fetching loading versions

20:56:14.920 [ATL-Logging-Thread] ERROR - com.apollographql.apollo.exception.ApolloHttpException: HTTP 403 Forbidden

20:56:14.920 [ATL-Logging-Thread] ERROR - 	at com.apollographql.apollo.internal.interceptor.ApolloParseInterceptor.parse(ApolloParseInterceptor.java:108)

20:56:14.921 [ATL-Logging-Thread] ERROR - 	at com.apollographql.apollo.internal.interceptor.ApolloParseInterceptor$1.onResponse(ApolloParseInterceptor.java:53)

20:56:14.925 [ATL-Logging-Thread] ERROR - 	at com.apollographql.apollo.internal.interceptor.ApolloServerInterceptor$executeHttpCall$1.onResponse(ApolloServerInterceptor.kt:114)

20:56:14.926 [ATL-Logging-Thread] ERROR - 	at okhttp3.internal.connection.RealCall$AsyncCall.run(RealCall.kt:519)

20:56:14.927 [ATL-Logging-Thread] ERROR - 	at java.base/java.util.concurrent.ThreadPoolExecutor.runWorker(ThreadPoolExecutor.java:1144)

20:56:14.929 [ATL-Logging-Thread] ERROR - 	at java.base/java.util.concurrent.ThreadPoolExecutor$Worker.run(ThreadPoolExecutor.java:642)

20:56:14.930 [ATL-Logging-Thread] ERROR - 	at java.base/java.lang.Thread.run(Thread.java:1583)

20:56:14.931 [ATL-Logging-Thread] ERROR - com.apollographql.apollo.exception.ApolloHttpException: HTTP 403 Forbidden
	at com.apollographql.apollo.internal.interceptor.ApolloParseInterceptor.parse(ApolloParseInterceptor.java:108)
	at com.apollographql.apollo.internal.interceptor.ApolloParseInterceptor$1.onResponse(ApolloParseInterceptor.java:53)
	at com.apollographql.apollo.internal.interceptor.ApolloServerInterceptor$executeHttpCall$1.onResponse(ApolloServerInterceptor.kt:114)
	at okhttp3.internal.connection.RealCall$AsyncCall.run(RealCall.kt:519)
	at java.base/java.util.concurrent.ThreadPoolExecutor.runWorker(ThreadPoolExecutor.java:1144)
	at java.base/java.util.concurrent.ThreadPoolExecutor$Worker.run(ThreadPoolExecutor.java:642)
	at java.base/java.lang.Thread.run(Thread.java:1583)

20:56:18.126 [ATL-Logging-Thread] ERROR - Error fetching loading versions

20:56:18.128 [ATL-Logging-Thread] ERROR - com.apollographql.apollo.exception.ApolloHttpException: HTTP 403 Forbidden

20:56:18.128 [ATL-Logging-Thread] ERROR - 	at com.apollographql.apollo.internal.interceptor.ApolloParseInterceptor.parse(ApolloParseInterceptor.java:108)

20:56:18.128 [ATL-Logging-Thread] ERROR - 	at com.apollographql.apollo.internal.interceptor.ApolloParseInterceptor$1.onResponse(ApolloParseInterceptor.java:53)

20:56:18.131 [ATL-Logging-Thread] ERROR - 	at com.apollographql.apollo.internal.interceptor.ApolloServerInterceptor$executeHttpCall$1.onResponse(ApolloServerInterceptor.kt:114)

20:56:18.133 [ATL-Logging-Thread] ERROR - 	at okhttp3.internal.connection.RealCall$AsyncCall.run(RealCall.kt:519)

20:56:18.134 [ATL-Logging-Thread] ERROR - 	at java.base/java.util.concurrent.ThreadPoolExecutor.runWorker(ThreadPoolExecutor.java:1144)

20:56:18.134 [ATL-Logging-Thread] ERROR - 	at java.base/java.util.concurrent.ThreadPoolExecutor$Worker.run(ThreadPoolExecutor.java:642)

20:56:18.136 [ATL-Logging-Thread] ERROR - 	at java.base/java.lang.Thread.run(Thread.java:1583)

20:56:18.138 [ATL-Logging-Thread] ERROR - com.apollographql.apollo.exception.ApolloHttpException: HTTP 403 Forbidden
	at com.apollographql.apollo.internal.interceptor.ApolloParseInterceptor.parse(ApolloParseInterceptor.java:108)
	at com.apollographql.apollo.internal.interceptor.ApolloParseInterceptor$1.onResponse(ApolloParseInterceptor.java:53)
	at com.apollographql.apollo.internal.interceptor.ApolloServerInterceptor$executeHttpCall$1.onResponse(ApolloServerInterceptor.kt:114)
	at okhttp3.internal.connection.RealCall$AsyncCall.run(RealCall.kt:519)
	at java.base/java.util.concurrent.ThreadPoolExecutor.runWorker(ThreadPoolExecutor.java:1144)
	at java.base/java.util.concurrent.ThreadPoolExecutor$Worker.run(ThreadPoolExecutor.java:642)
	at java.base/java.lang.Thread.run(Thread.java:1583)

20:56:35.284 [ATL-Logging-Thread] ERROR - Error fetching loading versions

20:56:35.285 [ATL-Logging-Thread] ERROR - com.apollographql.apollo.exception.ApolloHttpException: HTTP 403 Forbidden

20:56:35.289 [ATL-Logging-Thread] ERROR - 	at com.apollographql.apollo.internal.interceptor.ApolloParseInterceptor.parse(ApolloParseInterceptor.java:108)

20:56:35.290 [ATL-Logging-Thread] ERROR - 	at com.apollographql.apollo.internal.interceptor.ApolloParseInterceptor$1.onResponse(ApolloParseInterceptor.java:53)

20:56:35.292 [ATL-Logging-Thread] ERROR - 	at com.apollographql.apollo.internal.interceptor.ApolloServerInterceptor$executeHttpCall$1.onResponse(ApolloServerInterceptor.kt:114)

20:56:35.294 [ATL-Logging-Thread] ERROR - 	at okhttp3.internal.connection.RealCall$AsyncCall.run(RealCall.kt:519)

20:56:35.296 [ATL-Logging-Thread] ERROR - 	at java.base/java.util.concurrent.ThreadPoolExecutor.runWorker(ThreadPoolExecutor.java:1144)

20:56:35.298 [ATL-Logging-Thread] ERROR - 	at java.base/java.util.concurrent.ThreadPoolExecutor$Worker.run(ThreadPoolExecutor.java:642)

20:56:35.299 [ATL-Logging-Thread] ERROR - 	at java.base/java.lang.Thread.run(Thread.java:1583)

20:56:35.304 [ATL-Logging-Thread] ERROR - com.apollographql.apollo.exception.ApolloHttpException: HTTP 403 Forbidden
	at com.apollographql.apollo.internal.interceptor.ApolloParseInterceptor.parse(ApolloParseInterceptor.java:108)
	at com.apollographql.apollo.internal.interceptor.ApolloParseInterceptor$1.onResponse(ApolloParseInterceptor.java:53)
	at com.apollographql.apollo.internal.interceptor.ApolloServerInterceptor$executeHttpCall$1.onResponse(ApolloServerInterceptor.kt:114)
	at okhttp3.internal.connection.RealCall$AsyncCall.run(RealCall.kt:519)
	at java.base/java.util.concurrent.ThreadPoolExecutor.runWorker(ThreadPoolExecutor.java:1144)
	at java.base/java.util.concurrent.ThreadPoolExecutor$Worker.run(ThreadPoolExecutor.java:642)
	at java.base/java.lang.Thread.run(Thread.java:1583)

20:56:43.923 [ATL-Logging-Thread] ERROR - Error fetching loading versions

20:56:43.924 [ATL-Logging-Thread] ERROR - com.apollographql.apollo.exception.ApolloHttpException: HTTP 403 Forbidden

20:56:43.926 [ATL-Logging-Thread] ERROR - 	at com.apollographql.apollo.internal.interceptor.ApolloParseInterceptor.parse(ApolloParseInterceptor.java:108)

20:56:43.928 [ATL-Logging-Thread] ERROR - 	at com.apollographql.apollo.internal.interceptor.ApolloParseInterceptor$1.onResponse(ApolloParseInterceptor.java:53)

20:56:43.929 [ATL-Logging-Thread] ERROR - 	at com.apollographql.apollo.internal.interceptor.ApolloServerInterceptor$executeHttpCall$1.onResponse(ApolloServerInterceptor.kt:114)

20:56:43.930 [ATL-Logging-Thread] ERROR - 	at okhttp3.internal.connection.RealCall$AsyncCall.run(RealCall.kt:519)

20:56:43.931 [ATL-Logging-Thread] ERROR - 	at java.base/java.util.concurrent.ThreadPoolExecutor.runWorker(ThreadPoolExecutor.java:1144)

20:56:43.932 [ATL-Logging-Thread] ERROR - 	at java.base/java.util.concurrent.ThreadPoolExecutor$Worker.run(ThreadPoolExecutor.java:642)

20:56:43.933 [ATL-Logging-Thread] ERROR - 	at java.base/java.lang.Thread.run(Thread.java:1583)

20:56:43.934 [ATL-Logging-Thread] ERROR - com.apollographql.apollo.exception.ApolloHttpException: HTTP 403 Forbidden
	at com.apollographql.apollo.internal.interceptor.ApolloParseInterceptor.parse(ApolloParseInterceptor.java:108)
	at com.apollographql.apollo.internal.interceptor.ApolloParseInterceptor$1.onResponse(ApolloParseInterceptor.java:53)
	at com.apollographql.apollo.internal.interceptor.ApolloServerInterceptor$executeHttpCall$1.onResponse(ApolloServerInterceptor.kt:114)
	at okhttp3.internal.connection.RealCall$AsyncCall.run(RealCall.kt:519)
	at java.base/java.util.concurrent.ThreadPoolExecutor.runWorker(ThreadPoolExecutor.java:1144)
	at java.base/java.util.concurrent.ThreadPoolExecutor$Worker.run(ThreadPoolExecutor.java:642)
	at java.base/java.lang.Thread.run(Thread.java:1583)

